<?xml version="1.0" encoding="UTF-8"?>
<!-- Generated by org.testng.reporters.JUnitReportReporter -->
<testsuite skipped="1" hostname="wls.server.com" name="org.demo.app.CalculatorTest" tests="14" failures="0" timestamp="2020-10-04T13:11:41 IST" time="0.013" errors="0">
  <testcase name="multTestWithZero" time="0.001" classname="org.demo.app.CalculatorTest"/>
  <system-out/>
  <testcase name="sumTestWithZero" time="0.000" classname="org.demo.app.CalculatorTest"/>
  <system-out/>
  <testcase name="multTest" time="0.000" classname="org.demo.app.CalculatorTest"/>
  <system-out/>
  <testcase name="multTestWithNegative2" time="0.000" classname="org.demo.app.CalculatorTest"/>
  <system-out/>
  <testcase name="divisionByZeroTest" time="0.004" classname="org.demo.app.CalculatorTest"/>
  <system-out/>
  <testcase name="sumTestWithNegative" time="0.001" classname="org.demo.app.CalculatorTest"/>
  <system-out/>
  <testcase name="divisionTest" time="0.006" classname="org.demo.app.CalculatorTest"/>
  <system-out/>
  <testcase name="substractionTest" time="0.000" classname="org.demo.app.CalculatorTest"/>
  <system-out/>
  <testcase name="substractionTestWithNegative" time="0.000" classname="org.demo.app.CalculatorTest"/>
  <system-out/>
  <testcase name="multTestWithNegative" time="0.000" classname="org.demo.app.CalculatorTest"/>
  <system-out/>
  <testcase name="exampleTest" time="0.001" classname="org.demo.app.CalculatorTest"/>
  <system-out/>
  <testcase name="substractionTestWithZero" time="0.000" classname="org.demo.app.CalculatorTest"/>
  <system-out/>
  <testcase name="sumTest" time="0.000" classname="org.demo.app.CalculatorTest"/>
  <system-out/>
  <testcase name="substractionFailTest" classname="org.demo.app.CalculatorTest">
    <skipped/>
  </testcase> <!-- substractionFailTest -->
  <system-out/>
</testsuite> <!-- org.demo.app.CalculatorTest -->
